<?xml version="1.0" encoding="UTF-8"?>
<testng-results skipped="0" failed="1" ignored="0" total="4" passed="3">
  <reporter-output>
  </reporter-output>
  <suite name="Suite" duration-ms="52727" started-at="2019-03-23T15:03:39Z" finished-at="2019-03-23T15:04:32Z">
    <groups>
    </groups>
    <test name="Validating title in page" duration-ms="9274" started-at="2019-03-23T15:03:39Z" finished-at="2019-03-23T15:03:49Z">
      <class name="selenium.ValidateTitle">
        <test-method status="PASS" signature="initialize()[pri:0, instance:selenium.ValidateTitle@4f83df68]" name="initialize" is-config="true" duration-ms="8340" started-at="2019-03-23T15:03:39Z" finished-at="2019-03-23T15:03:48Z">
          <reporter-output>
          </reporter-output>
        </test-method> <!-- initialize -->
        <test-method status="FAIL" signature="basePageNavigation()[pri:0, instance:selenium.ValidateTitle@4f83df68]" name="basePageNavigation" duration-ms="46" started-at="2019-03-23T15:03:48Z" finished-at="2019-03-23T15:03:48Z">
          <exception class="java.lang.AssertionError">
            <message>
              <![CDATA[expected [Fetured COURSES] but found [FEATURED COURSES]]]>
            </message>
            <full-stacktrace>
              <![CDATA[java.lang.AssertionError: expected [Fetured COURSES] but found [FEATURED COURSES]
at org.testng.Assert.fail(Assert.java:96)
at org.testng.Assert.failNotEquals(Assert.java:776)
at org.testng.Assert.assertEqualsImpl(Assert.java:137)
at org.testng.Assert.assertEquals(Assert.java:118)
at org.testng.Assert.assertEquals(Assert.java:453)
at org.testng.Assert.assertEquals(Assert.java:463)
at selenium.ValidateTitle.basePageNavigation(ValidateTitle.java:31)
at sun.reflect.NativeMethodAccessorImpl.invoke0(Native Method)
at sun.reflect.NativeMethodAccessorImpl.invoke(NativeMethodAccessorImpl.java:62)
at sun.reflect.DelegatingMethodAccessorImpl.invoke(DelegatingMethodAccessorImpl.java:43)
at java.lang.reflect.Method.invoke(Method.java:498)
at org.testng.internal.MethodInvocationHelper.invokeMethod(MethodInvocationHelper.java:124)
at org.testng.internal.Invoker.invokeMethod(Invoker.java:583)
at org.testng.internal.Invoker.invokeTestMethod(Invoker.java:719)
at org.testng.internal.Invoker.invokeTestMethods(Invoker.java:989)
at org.testng.internal.TestMethodWorker.invokeTestMethods(TestMethodWorker.java:125)
at org.testng.internal.TestMethodWorker.run(TestMethodWorker.java:109)
at org.testng.TestRunner.privateRun(TestRunner.java:648)
at org.testng.TestRunner.run(TestRunner.java:505)
at org.testng.SuiteRunner.runTest(SuiteRunner.java:455)
at org.testng.SuiteRunner.runSequentially(SuiteRunner.java:450)
at org.testng.SuiteRunner.privateRun(SuiteRunner.java:415)
at org.testng.SuiteRunner.run(SuiteRunner.java:364)
at org.testng.SuiteRunnerWorker.runSuite(SuiteRunnerWorker.java:52)
at org.testng.SuiteRunnerWorker.run(SuiteRunnerWorker.java:84)
at org.testng.TestNG.runSuitesSequentially(TestNG.java:1208)
at org.testng.TestNG.runSuitesLocally(TestNG.java:1137)
at org.testng.TestNG.runSuites(TestNG.java:1049)
at org.testng.TestNG.run(TestNG.java:1017)
at org.testng.remote.AbstractRemoteTestNG.run(AbstractRemoteTestNG.java:115)
at org.testng.remote.RemoteTestNG.initAndRun(RemoteTestNG.java:251)
at org.testng.remote.RemoteTestNG.main(RemoteTestNG.java:77)
]]>
            </full-stacktrace>
          </exception> <!-- java.lang.AssertionError -->
          <reporter-output>
          </reporter-output>
        </test-method> <!-- basePageNavigation -->
        <test-method status="PASS" signature="teardown()[pri:0, instance:selenium.ValidateTitle@4f83df68]" name="teardown" is-config="true" duration-ms="173" started-at="2019-03-23T15:03:49Z" finished-at="2019-03-23T15:03:49Z">
          <reporter-output>
          </reporter-output>
        </test-method> <!-- teardown -->
      </class> <!-- selenium.ValidateTitle -->
    </test> <!-- Validating title in page -->
    <test name="App Test" duration-ms="0" started-at="2019-03-23T15:03:49Z" finished-at="2019-03-23T15:03:49Z">
    </test> <!-- App Test -->
    <test name="Validating Navbar" duration-ms="7874" started-at="2019-03-23T15:03:49Z" finished-at="2019-03-23T15:03:57Z">
      <class name="selenium.ValidateNavBar">
        <test-method status="PASS" signature="initialize()[pri:0, instance:selenium.ValidateNavBar@15bb5034]" name="initialize" is-config="true" duration-ms="7669" started-at="2019-03-23T15:03:49Z" finished-at="2019-03-23T15:03:56Z">
          <reporter-output>
          </reporter-output>
        </test-method> <!-- initialize -->
        <test-method status="PASS" signature="basePageNavigation()[pri:0, instance:selenium.ValidateNavBar@15bb5034]" name="basePageNavigation" duration-ms="34" started-at="2019-03-23T15:03:56Z" finished-at="2019-03-23T15:03:56Z">
          <reporter-output>
          </reporter-output>
        </test-method> <!-- basePageNavigation -->
        <test-method status="PASS" signature="teardown()[pri:0, instance:selenium.ValidateNavBar@15bb5034]" name="teardown" is-config="true" duration-ms="169" started-at="2019-03-23T15:03:56Z" finished-at="2019-03-23T15:03:57Z">
          <reporter-output>
          </reporter-output>
        </test-method> <!-- teardown -->
      </class> <!-- selenium.ValidateNavBar -->
    </test> <!-- Validating Navbar -->
    <test name="Validating User Login" duration-ms="35504" started-at="2019-03-23T15:03:57Z" finished-at="2019-03-23T15:04:32Z">
      <class name="selenium.HomePage">
        <test-method status="PASS" signature="initialize()[pri:0, instance:selenium.HomePage@74ea2410]" name="initialize" is-config="true" duration-ms="3386" started-at="2019-03-23T15:03:57Z" finished-at="2019-03-23T15:04:00Z">
          <reporter-output>
          </reporter-output>
        </test-method> <!-- initialize -->
        <test-method status="PASS" signature="basePageNavigation(java.lang.String, java.lang.String, java.lang.String)[pri:0, instance:selenium.HomePage@74ea2410]" name="basePageNavigation" duration-ms="12245" started-at="2019-03-23T15:04:00Z" data-provider="getData" finished-at="2019-03-23T15:04:12Z">
          <params>
            <param index="0">
              <value>
                <![CDATA[restrictedUser@qw.com]]>
              </value>
            </param>
            <param index="1">
              <value>
                <![CDATA[456789]]>
              </value>
            </param>
            <param index="2">
              <value>
                <![CDATA[Non Restricted User]]>
              </value>
            </param>
          </params>
          <reporter-output>
          </reporter-output>
        </test-method> <!-- basePageNavigation -->
        <test-method status="PASS" signature="teardown()[pri:0, instance:selenium.HomePage@74ea2410]" name="teardown" is-config="true" duration-ms="2226" started-at="2019-03-23T15:04:12Z" finished-at="2019-03-23T15:04:15Z">
          <reporter-output>
          </reporter-output>
        </test-method> <!-- teardown -->
        <test-method status="PASS" signature="initialize()[pri:0, instance:selenium.HomePage@74ea2410]" name="initialize" is-config="true" duration-ms="3538" started-at="2019-03-23T15:04:15Z" finished-at="2019-03-23T15:04:18Z">
          <reporter-output>
          </reporter-output>
        </test-method> <!-- initialize -->
        <test-method status="PASS" signature="basePageNavigation(java.lang.String, java.lang.String, java.lang.String)[pri:0, instance:selenium.HomePage@74ea2410]" name="basePageNavigation" duration-ms="11734" started-at="2019-03-23T15:04:18Z" data-provider="getData" finished-at="2019-03-23T15:04:30Z">
          <params>
            <param index="0">
              <value is-null="true"/>
            </param>
            <param index="1">
              <value is-null="true"/>
            </param>
            <param index="2">
              <value is-null="true"/>
            </param>
          </params>
          <reporter-output>
          </reporter-output>
        </test-method> <!-- basePageNavigation -->
        <test-method status="PASS" signature="teardown()[pri:0, instance:selenium.HomePage@74ea2410]" name="teardown" is-config="true" duration-ms="2366" started-at="2019-03-23T15:04:30Z" finished-at="2019-03-23T15:04:32Z">
          <reporter-output>
          </reporter-output>
        </test-method> <!-- teardown -->
      </class> <!-- selenium.HomePage -->
    </test> <!-- Validating User Login -->
  </suite> <!-- Suite -->
</testng-results>
