<?xml version="1.0" encoding="UTF-8"?>
<!-- Generated by org.testng.reporters.JUnitXMLReporter -->
<testsuite hostname="DESKTOP-J3AJHTH" ignored="0" name="Validating title in page" tests="1" failures="1" timestamp="23 Mar 2019 15:03:49 GMT" time="9.274" errors="0">
  <testcase name="basePageNavigation" time="0.046" classname="selenium.ValidateTitle">
    <failure type="java.lang.AssertionError" message="expected [Fetured COURSES] but found [FEATURED COURSES]">
      <![CDATA[java.lang.AssertionError: expected [Fetured COURSES] but found [FEATURED COURSES]
at selenium.ValidateTitle.basePageNavigation(ValidateTitle.java:31)
... Removed 31 stack frames]]>
    </failure>
  </testcase> <!-- basePageNavigation -->
</testsuite> <!-- Validating title in page -->
